Compiling the C compiler identification source file "CMakeCCompilerId.c" failed.
Compiler: /Applications/Xcode.app/Contents/Developer/Toolchains/XcodeDefault.xctoolchain/usr/bin/cc 
Build flags: 
Id flags:  

The output was:
1
ld: library not found for -lSystem
clang: error: linker command failed with exit code 1 (use -v to see invocation)


Compiling the CXX compiler identification source file "CMakeCXXCompilerId.cpp" failed.
Compiler: /Applications/Xcode.app/Contents/Developer/Toolchains/XcodeDefault.xctoolchain/usr/bin/c++ 
Build flags: 
Id flags:  

The output was:
1
ld: library not found for -lc++
clang: error: linker command failed with exit code 1 (use -v to see invocation)


Checking whether the ASM compiler is GNU using "--version" did not match "(GNU assembler)|(GCC)|(Free Software Foundation)":
Apple clang version 13.1.6 (clang-1316.0.21.2.5)
Target: arm64-apple-darwin21.6.0
Thread model: posix
InstalledDir: /Applications/Xcode.app/Contents/Developer/Toolchains/XcodeDefault.xctoolchain/usr/bin
Determining if the include file link.h exists failed with the following output:
Change Dir: /Users/camola/Desktop/università/asm_interpreter/jasmin/src/shared/external_rsc/build/CMakeFiles/CMakeTmp

Run Build Command(s):/usr/bin/make -f Makefile cmTC_d1f56/fast && /Applications/Xcode.app/Contents/Developer/usr/bin/make  -f CMakeFiles/cmTC_d1f56.dir/build.make CMakeFiles/cmTC_d1f56.dir/build
Building C object CMakeFiles/cmTC_d1f56.dir/CheckIncludeFile.c.o
/Applications/Xcode.app/Contents/Developer/Toolchains/XcodeDefault.xctoolchain/usr/bin/cc   -arch arm64 -isysroot /Applications/Xcode.app/Contents/Developer/Platforms/MacOSX.platform/Developer/SDKs/MacOSX12.3.sdk -MD -MT CMakeFiles/cmTC_d1f56.dir/CheckIncludeFile.c.o -MF CMakeFiles/cmTC_d1f56.dir/CheckIncludeFile.c.o.d -o CMakeFiles/cmTC_d1f56.dir/CheckIncludeFile.c.o -c /Users/camola/Desktop/università/asm_interpreter/jasmin/src/shared/external_rsc/build/CMakeFiles/CMakeTmp/CheckIncludeFile.c
/Users/camola/Desktop/università/asm_interpreter/jasmin/src/shared/external_rsc/build/CMakeFiles/CMakeTmp/CheckIncludeFile.c:1:10: fatal error: 'link.h' file not found
#include <link.h>
         ^~~~~~~~
1 error generated.
make[1]: *** [CMakeFiles/cmTC_d1f56.dir/CheckIncludeFile.c.o] Error 1
make: *** [cmTC_d1f56/fast] Error 2



Determining if the include file malloc.h exists failed with the following output:
Change Dir: /Users/camola/Desktop/università/asm_interpreter/jasmin/src/shared/external_rsc/build/CMakeFiles/CMakeTmp

Run Build Command(s):/usr/bin/make -f Makefile cmTC_8759b/fast && /Applications/Xcode.app/Contents/Developer/usr/bin/make  -f CMakeFiles/cmTC_8759b.dir/build.make CMakeFiles/cmTC_8759b.dir/build
Building C object CMakeFiles/cmTC_8759b.dir/CheckIncludeFile.c.o
/Applications/Xcode.app/Contents/Developer/Toolchains/XcodeDefault.xctoolchain/usr/bin/cc   -arch arm64 -isysroot /Applications/Xcode.app/Contents/Developer/Platforms/MacOSX.platform/Developer/SDKs/MacOSX12.3.sdk -MD -MT CMakeFiles/cmTC_8759b.dir/CheckIncludeFile.c.o -MF CMakeFiles/cmTC_8759b.dir/CheckIncludeFile.c.o.d -o CMakeFiles/cmTC_8759b.dir/CheckIncludeFile.c.o -c /Users/camola/Desktop/università/asm_interpreter/jasmin/src/shared/external_rsc/build/CMakeFiles/CMakeTmp/CheckIncludeFile.c
/Users/camola/Desktop/università/asm_interpreter/jasmin/src/shared/external_rsc/build/CMakeFiles/CMakeTmp/CheckIncludeFile.c:1:10: fatal error: 'malloc.h' file not found
#include <malloc.h>
         ^~~~~~~~~~
1 error generated.
make[1]: *** [CMakeFiles/cmTC_8759b.dir/CheckIncludeFile.c.o] Error 1
make: *** [cmTC_8759b/fast] Error 2



Determining if the include file ndir.h exists failed with the following output:
Change Dir: /Users/camola/Desktop/università/asm_interpreter/jasmin/src/shared/external_rsc/build/CMakeFiles/CMakeTmp

Run Build Command(s):/usr/bin/make -f Makefile cmTC_584d1/fast && /Applications/Xcode.app/Contents/Developer/usr/bin/make  -f CMakeFiles/cmTC_584d1.dir/build.make CMakeFiles/cmTC_584d1.dir/build
Building C object CMakeFiles/cmTC_584d1.dir/CheckIncludeFile.c.o
/Applications/Xcode.app/Contents/Developer/Toolchains/XcodeDefault.xctoolchain/usr/bin/cc   -arch arm64 -isysroot /Applications/Xcode.app/Contents/Developer/Platforms/MacOSX.platform/Developer/SDKs/MacOSX12.3.sdk -MD -MT CMakeFiles/cmTC_584d1.dir/CheckIncludeFile.c.o -MF CMakeFiles/cmTC_584d1.dir/CheckIncludeFile.c.o.d -o CMakeFiles/cmTC_584d1.dir/CheckIncludeFile.c.o -c /Users/camola/Desktop/università/asm_interpreter/jasmin/src/shared/external_rsc/build/CMakeFiles/CMakeTmp/CheckIncludeFile.c
/Users/camola/Desktop/università/asm_interpreter/jasmin/src/shared/external_rsc/build/CMakeFiles/CMakeTmp/CheckIncludeFile.c:1:10: fatal error: 'ndir.h' file not found
#include <ndir.h>
         ^~~~~~~~
1 error generated.
make[1]: *** [CMakeFiles/cmTC_584d1.dir/CheckIncludeFile.c.o] Error 1
make: *** [cmTC_584d1/fast] Error 2



Determining if the include file sys/ndir.h exists failed with the following output:
Change Dir: /Users/camola/Desktop/università/asm_interpreter/jasmin/src/shared/external_rsc/build/CMakeFiles/CMakeTmp

Run Build Command(s):/usr/bin/make -f Makefile cmTC_ac6ee/fast && /Applications/Xcode.app/Contents/Developer/usr/bin/make  -f CMakeFiles/cmTC_ac6ee.dir/build.make CMakeFiles/cmTC_ac6ee.dir/build
Building C object CMakeFiles/cmTC_ac6ee.dir/CheckIncludeFile.c.o
/Applications/Xcode.app/Contents/Developer/Toolchains/XcodeDefault.xctoolchain/usr/bin/cc   -arch arm64 -isysroot /Applications/Xcode.app/Contents/Developer/Platforms/MacOSX.platform/Developer/SDKs/MacOSX12.3.sdk -MD -MT CMakeFiles/cmTC_ac6ee.dir/CheckIncludeFile.c.o -MF CMakeFiles/cmTC_ac6ee.dir/CheckIncludeFile.c.o.d -o CMakeFiles/cmTC_ac6ee.dir/CheckIncludeFile.c.o -c /Users/camola/Desktop/università/asm_interpreter/jasmin/src/shared/external_rsc/build/CMakeFiles/CMakeTmp/CheckIncludeFile.c
/Users/camola/Desktop/università/asm_interpreter/jasmin/src/shared/external_rsc/build/CMakeFiles/CMakeTmp/CheckIncludeFile.c:1:10: fatal error: 'sys/ndir.h' file not found
#include <sys/ndir.h>
         ^~~~~~~~~~~~
1 error generated.
make[1]: *** [CMakeFiles/cmTC_ac6ee.dir/CheckIncludeFile.c.o] Error 1
make: *** [cmTC_ac6ee/fast] Error 2



Determining if the function clock_gettime exists in the rt failed with the following output:
Change Dir: /Users/camola/Desktop/università/asm_interpreter/jasmin/src/shared/external_rsc/build/CMakeFiles/CMakeTmp

Run Build Command(s):/usr/bin/make -f Makefile cmTC_568bc/fast && /Applications/Xcode.app/Contents/Developer/usr/bin/make  -f CMakeFiles/cmTC_568bc.dir/build.make CMakeFiles/cmTC_568bc.dir/build
Building C object CMakeFiles/cmTC_568bc.dir/CheckFunctionExists.c.o
/Applications/Xcode.app/Contents/Developer/Toolchains/XcodeDefault.xctoolchain/usr/bin/cc   -DCHECK_FUNCTION_EXISTS=clock_gettime -arch arm64 -isysroot /Applications/Xcode.app/Contents/Developer/Platforms/MacOSX.platform/Developer/SDKs/MacOSX12.3.sdk -MD -MT CMakeFiles/cmTC_568bc.dir/CheckFunctionExists.c.o -MF CMakeFiles/cmTC_568bc.dir/CheckFunctionExists.c.o.d -o CMakeFiles/cmTC_568bc.dir/CheckFunctionExists.c.o -c /opt/homebrew/Cellar/cmake/3.24.1/share/cmake/Modules/CheckFunctionExists.c
Linking C executable cmTC_568bc
/opt/homebrew/Cellar/cmake/3.24.1/bin/cmake -E cmake_link_script CMakeFiles/cmTC_568bc.dir/link.txt --verbose=1
/Applications/Xcode.app/Contents/Developer/Toolchains/XcodeDefault.xctoolchain/usr/bin/cc  -DCHECK_FUNCTION_EXISTS=clock_gettime -arch arm64 -isysroot /Applications/Xcode.app/Contents/Developer/Platforms/MacOSX.platform/Developer/SDKs/MacOSX12.3.sdk -Wl,-search_paths_first -Wl,-headerpad_max_install_names CMakeFiles/cmTC_568bc.dir/CheckFunctionExists.c.o -o cmTC_568bc  -lrt -lm 
ld: library not found for -lrt
clang: error: linker command failed with exit code 1 (use -v to see invocation)
make[1]: *** [cmTC_568bc] Error 1
make: *** [cmTC_568bc/fast] Error 2



Determining if the function setupterm exists in the tinfo failed with the following output:
Change Dir: /Users/camola/Desktop/università/asm_interpreter/jasmin/src/shared/external_rsc/build/CMakeFiles/CMakeTmp

Run Build Command(s):/usr/bin/make -f Makefile cmTC_c37a8/fast && /Applications/Xcode.app/Contents/Developer/usr/bin/make  -f CMakeFiles/cmTC_c37a8.dir/build.make CMakeFiles/cmTC_c37a8.dir/build
Building C object CMakeFiles/cmTC_c37a8.dir/CheckFunctionExists.c.o
/Applications/Xcode.app/Contents/Developer/Toolchains/XcodeDefault.xctoolchain/usr/bin/cc   -DCHECK_FUNCTION_EXISTS=setupterm -arch arm64 -isysroot /Applications/Xcode.app/Contents/Developer/Platforms/MacOSX.platform/Developer/SDKs/MacOSX12.3.sdk -MD -MT CMakeFiles/cmTC_c37a8.dir/CheckFunctionExists.c.o -MF CMakeFiles/cmTC_c37a8.dir/CheckFunctionExists.c.o.d -o CMakeFiles/cmTC_c37a8.dir/CheckFunctionExists.c.o -c /opt/homebrew/Cellar/cmake/3.24.1/share/cmake/Modules/CheckFunctionExists.c
Linking C executable cmTC_c37a8
/opt/homebrew/Cellar/cmake/3.24.1/bin/cmake -E cmake_link_script CMakeFiles/cmTC_c37a8.dir/link.txt --verbose=1
/Applications/Xcode.app/Contents/Developer/Toolchains/XcodeDefault.xctoolchain/usr/bin/cc  -DCHECK_FUNCTION_EXISTS=setupterm -arch arm64 -isysroot /Applications/Xcode.app/Contents/Developer/Platforms/MacOSX.platform/Developer/SDKs/MacOSX12.3.sdk -Wl,-search_paths_first -Wl,-headerpad_max_install_names CMakeFiles/cmTC_c37a8.dir/CheckFunctionExists.c.o -o cmTC_c37a8  -ltinfo -lm 
ld: library not found for -ltinfo
clang: error: linker command failed with exit code 1 (use -v to see invocation)
make[1]: *** [cmTC_c37a8] Error 1
make: *** [cmTC_c37a8/fast] Error 2



Determining if the function setupterm exists in the terminfo failed with the following output:
Change Dir: /Users/camola/Desktop/università/asm_interpreter/jasmin/src/shared/external_rsc/build/CMakeFiles/CMakeTmp

Run Build Command(s):/usr/bin/make -f Makefile cmTC_95034/fast && /Applications/Xcode.app/Contents/Developer/usr/bin/make  -f CMakeFiles/cmTC_95034.dir/build.make CMakeFiles/cmTC_95034.dir/build
Building C object CMakeFiles/cmTC_95034.dir/CheckFunctionExists.c.o
/Applications/Xcode.app/Contents/Developer/Toolchains/XcodeDefault.xctoolchain/usr/bin/cc   -DCHECK_FUNCTION_EXISTS=setupterm -arch arm64 -isysroot /Applications/Xcode.app/Contents/Developer/Platforms/MacOSX.platform/Developer/SDKs/MacOSX12.3.sdk -MD -MT CMakeFiles/cmTC_95034.dir/CheckFunctionExists.c.o -MF CMakeFiles/cmTC_95034.dir/CheckFunctionExists.c.o.d -o CMakeFiles/cmTC_95034.dir/CheckFunctionExists.c.o -c /opt/homebrew/Cellar/cmake/3.24.1/share/cmake/Modules/CheckFunctionExists.c
Linking C executable cmTC_95034
/opt/homebrew/Cellar/cmake/3.24.1/bin/cmake -E cmake_link_script CMakeFiles/cmTC_95034.dir/link.txt --verbose=1
/Applications/Xcode.app/Contents/Developer/Toolchains/XcodeDefault.xctoolchain/usr/bin/cc  -DCHECK_FUNCTION_EXISTS=setupterm -arch arm64 -isysroot /Applications/Xcode.app/Contents/Developer/Platforms/MacOSX.platform/Developer/SDKs/MacOSX12.3.sdk -Wl,-search_paths_first -Wl,-headerpad_max_install_names CMakeFiles/cmTC_95034.dir/CheckFunctionExists.c.o -o cmTC_95034  -lterminfo -lm 
ld: library not found for -lterminfo
clang: error: linker command failed with exit code 1 (use -v to see invocation)
make[1]: *** [cmTC_95034] Error 1
make: *** [cmTC_95034/fast] Error 2



Determining if the mallctl exist failed with the following output:
Change Dir: /Users/camola/Desktop/università/asm_interpreter/jasmin/src/shared/external_rsc/build/CMakeFiles/CMakeTmp

Run Build Command(s):/usr/bin/make -f Makefile cmTC_de024/fast && /Applications/Xcode.app/Contents/Developer/usr/bin/make  -f CMakeFiles/cmTC_de024.dir/build.make CMakeFiles/cmTC_de024.dir/build
Building C object CMakeFiles/cmTC_de024.dir/CheckSymbolExists.c.o
/Applications/Xcode.app/Contents/Developer/Toolchains/XcodeDefault.xctoolchain/usr/bin/cc   -arch arm64 -isysroot /Applications/Xcode.app/Contents/Developer/Platforms/MacOSX.platform/Developer/SDKs/MacOSX12.3.sdk -MD -MT CMakeFiles/cmTC_de024.dir/CheckSymbolExists.c.o -MF CMakeFiles/cmTC_de024.dir/CheckSymbolExists.c.o.d -o CMakeFiles/cmTC_de024.dir/CheckSymbolExists.c.o -c /Users/camola/Desktop/università/asm_interpreter/jasmin/src/shared/external_rsc/build/CMakeFiles/CMakeTmp/CheckSymbolExists.c
/Users/camola/Desktop/università/asm_interpreter/jasmin/src/shared/external_rsc/build/CMakeFiles/CMakeTmp/CheckSymbolExists.c:2:10: fatal error: 'malloc_np.h' file not found
#include <malloc_np.h>
         ^~~~~~~~~~~~~
1 error generated.
make[1]: *** [CMakeFiles/cmTC_de024.dir/CheckSymbolExists.c.o] Error 1
make: *** [cmTC_de024/fast] Error 2


File /Users/camola/Desktop/università/asm_interpreter/jasmin/src/shared/external_rsc/build/CMakeFiles/CMakeTmp/CheckSymbolExists.c:
/* */
#include <malloc_np.h>

int main(int argc, char** argv)
{
  (void)argv;
#ifndef mallctl
  return ((int*)(&mallctl))[argc];
#else
  (void)argc;
  return 0;
#endif
}
Determining if the mallinfo exist failed with the following output:
Change Dir: /Users/camola/Desktop/università/asm_interpreter/jasmin/src/shared/external_rsc/build/CMakeFiles/CMakeTmp

Run Build Command(s):/usr/bin/make -f Makefile cmTC_5996a/fast && /Applications/Xcode.app/Contents/Developer/usr/bin/make  -f CMakeFiles/cmTC_5996a.dir/build.make CMakeFiles/cmTC_5996a.dir/build
Building C object CMakeFiles/cmTC_5996a.dir/CheckSymbolExists.c.o
/Applications/Xcode.app/Contents/Developer/Toolchains/XcodeDefault.xctoolchain/usr/bin/cc   -arch arm64 -isysroot /Applications/Xcode.app/Contents/Developer/Platforms/MacOSX.platform/Developer/SDKs/MacOSX12.3.sdk -MD -MT CMakeFiles/cmTC_5996a.dir/CheckSymbolExists.c.o -MF CMakeFiles/cmTC_5996a.dir/CheckSymbolExists.c.o.d -o CMakeFiles/cmTC_5996a.dir/CheckSymbolExists.c.o -c /Users/camola/Desktop/università/asm_interpreter/jasmin/src/shared/external_rsc/build/CMakeFiles/CMakeTmp/CheckSymbolExists.c
/Users/camola/Desktop/università/asm_interpreter/jasmin/src/shared/external_rsc/build/CMakeFiles/CMakeTmp/CheckSymbolExists.c:2:10: fatal error: 'malloc.h' file not found
#include <malloc.h>
         ^~~~~~~~~~
1 error generated.
make[1]: *** [CMakeFiles/cmTC_5996a.dir/CheckSymbolExists.c.o] Error 1
make: *** [cmTC_5996a/fast] Error 2


File /Users/camola/Desktop/università/asm_interpreter/jasmin/src/shared/external_rsc/build/CMakeFiles/CMakeTmp/CheckSymbolExists.c:
/* */
#include <malloc.h>

int main(int argc, char** argv)
{
  (void)argv;
#ifndef mallinfo
  return ((int*)(&mallinfo))[argc];
#else
  (void)argc;
  return 0;
#endif
}
Determining if the strerror_s exist failed with the following output:
Change Dir: /Users/camola/Desktop/università/asm_interpreter/jasmin/src/shared/external_rsc/build/CMakeFiles/CMakeTmp

Run Build Command(s):/usr/bin/make -f Makefile cmTC_bd450/fast && /Applications/Xcode.app/Contents/Developer/usr/bin/make  -f CMakeFiles/cmTC_bd450.dir/build.make CMakeFiles/cmTC_bd450.dir/build
Building C object CMakeFiles/cmTC_bd450.dir/CheckSymbolExists.c.o
/Applications/Xcode.app/Contents/Developer/Toolchains/XcodeDefault.xctoolchain/usr/bin/cc   -arch arm64 -isysroot /Applications/Xcode.app/Contents/Developer/Platforms/MacOSX.platform/Developer/SDKs/MacOSX12.3.sdk -MD -MT CMakeFiles/cmTC_bd450.dir/CheckSymbolExists.c.o -MF CMakeFiles/cmTC_bd450.dir/CheckSymbolExists.c.o.d -o CMakeFiles/cmTC_bd450.dir/CheckSymbolExists.c.o -c /Users/camola/Desktop/università/asm_interpreter/jasmin/src/shared/external_rsc/build/CMakeFiles/CMakeTmp/CheckSymbolExists.c
/Users/camola/Desktop/università/asm_interpreter/jasmin/src/shared/external_rsc/build/CMakeFiles/CMakeTmp/CheckSymbolExists.c:8:19: error: use of undeclared identifier 'strerror_s'; did you mean 'strerror_r'?
  return ((int*)(&strerror_s))[argc];
                  ^~~~~~~~~~
                  strerror_r
/Applications/Xcode.app/Contents/Developer/Platforms/MacOSX.platform/Developer/SDKs/MacOSX12.3.sdk/usr/include/string.h:116:6: note: 'strerror_r' declared here
int      strerror_r(int __errnum, char *__strerrbuf, size_t __buflen);
         ^
1 error generated.
make[1]: *** [CMakeFiles/cmTC_bd450.dir/CheckSymbolExists.c.o] Error 1
make: *** [cmTC_bd450/fast] Error 2


File /Users/camola/Desktop/università/asm_interpreter/jasmin/src/shared/external_rsc/build/CMakeFiles/CMakeTmp/CheckSymbolExists.c:
/* */
#include <string.h>

int main(int argc, char** argv)
{
  (void)argv;
#ifndef strerror_s
  return ((int*)(&strerror_s))[argc];
#else
  (void)argc;
  return 0;
#endif
}
Determining if the __GLIBC__ exist failed with the following output:
Change Dir: /Users/camola/Desktop/università/asm_interpreter/jasmin/src/shared/external_rsc/build/CMakeFiles/CMakeTmp

Run Build Command(s):/usr/bin/make -f Makefile cmTC_1afb7/fast && /Applications/Xcode.app/Contents/Developer/usr/bin/make  -f CMakeFiles/cmTC_1afb7.dir/build.make CMakeFiles/cmTC_1afb7.dir/build
Building C object CMakeFiles/cmTC_1afb7.dir/CheckSymbolExists.c.o
/Applications/Xcode.app/Contents/Developer/Toolchains/XcodeDefault.xctoolchain/usr/bin/cc   -arch arm64 -isysroot /Applications/Xcode.app/Contents/Developer/Platforms/MacOSX.platform/Developer/SDKs/MacOSX12.3.sdk -MD -MT CMakeFiles/cmTC_1afb7.dir/CheckSymbolExists.c.o -MF CMakeFiles/cmTC_1afb7.dir/CheckSymbolExists.c.o.d -o CMakeFiles/cmTC_1afb7.dir/CheckSymbolExists.c.o -c /Users/camola/Desktop/università/asm_interpreter/jasmin/src/shared/external_rsc/build/CMakeFiles/CMakeTmp/CheckSymbolExists.c
/Users/camola/Desktop/università/asm_interpreter/jasmin/src/shared/external_rsc/build/CMakeFiles/CMakeTmp/CheckSymbolExists.c:8:19: error: use of undeclared identifier '__GLIBC__'
  return ((int*)(&__GLIBC__))[argc];
                  ^
1 error generated.
make[1]: *** [CMakeFiles/cmTC_1afb7.dir/CheckSymbolExists.c.o] Error 1
make: *** [cmTC_1afb7/fast] Error 2


File /Users/camola/Desktop/università/asm_interpreter/jasmin/src/shared/external_rsc/build/CMakeFiles/CMakeTmp/CheckSymbolExists.c:
/* */
#include <stdio.h>

int main(int argc, char** argv)
{
  (void)argv;
#ifndef __GLIBC__
  return ((int*)(&__GLIBC__))[argc];
#else
  (void)argc;
  return 0;
#endif
}
